0 info it worked if it ends with ok
1 verbose cli [ 'node', '/usr/local/bin/npm', 'install' ]
2 info using npm@1.4.28
3 info using node@v0.10.35
4 warn package.json nn-express@1.0.0 No repository field.
5 verbose readDependencies using package.json deps
6 verbose install where, deps [ '/Users/adrianchen/Code/User_O_Design/nn-express',
6 verbose install   [ 'express', 'jade', 'lodash' ] ]
7 info preinstall nn-express@1.0.0
8 verbose readDependencies using package.json deps
9 verbose cache add [ 'express@^4.11.2', null ]
10 verbose cache add name=undefined spec="express@^4.11.2" args=["express@^4.11.2",null]
11 verbose parsed url { protocol: null,
11 verbose parsed url   slashes: null,
11 verbose parsed url   auth: null,
11 verbose parsed url   host: null,
11 verbose parsed url   port: null,
11 verbose parsed url   hostname: null,
11 verbose parsed url   hash: null,
11 verbose parsed url   search: null,
11 verbose parsed url   query: null,
11 verbose parsed url   pathname: 'express@^4.11.2',
11 verbose parsed url   path: 'express@^4.11.2',
11 verbose parsed url   href: 'express@^4.11.2' }
12 verbose cache add [ 'jade@^1.9.2', null ]
13 verbose cache add name=undefined spec="jade@^1.9.2" args=["jade@^1.9.2",null]
14 verbose parsed url { protocol: null,
14 verbose parsed url   slashes: null,
14 verbose parsed url   auth: null,
14 verbose parsed url   host: null,
14 verbose parsed url   port: null,
14 verbose parsed url   hostname: null,
14 verbose parsed url   hash: null,
14 verbose parsed url   search: null,
14 verbose parsed url   query: null,
14 verbose parsed url   pathname: 'jade@^1.9.2',
14 verbose parsed url   path: 'jade@^1.9.2',
14 verbose parsed url   href: 'jade@^1.9.2' }
15 verbose cache add [ 'lodash@^3.1.0', null ]
16 verbose cache add name=undefined spec="lodash@^3.1.0" args=["lodash@^3.1.0",null]
17 verbose parsed url { protocol: null,
17 verbose parsed url   slashes: null,
17 verbose parsed url   auth: null,
17 verbose parsed url   host: null,
17 verbose parsed url   port: null,
17 verbose parsed url   hostname: null,
17 verbose parsed url   hash: null,
17 verbose parsed url   search: null,
17 verbose parsed url   query: null,
17 verbose parsed url   pathname: 'lodash@^3.1.0',
17 verbose parsed url   path: 'lodash@^3.1.0',
17 verbose parsed url   href: 'lodash@^3.1.0' }
18 verbose cache add name="express" spec="^4.11.2" args=["express","^4.11.2"]
19 verbose parsed url { protocol: null,
19 verbose parsed url   slashes: null,
19 verbose parsed url   auth: null,
19 verbose parsed url   host: null,
19 verbose parsed url   port: null,
19 verbose parsed url   hostname: null,
19 verbose parsed url   hash: null,
19 verbose parsed url   search: null,
19 verbose parsed url   query: null,
19 verbose parsed url   pathname: '^4.11.2',
19 verbose parsed url   path: '^4.11.2',
19 verbose parsed url   href: '^4.11.2' }
20 verbose addNamed [ 'express', '^4.11.2' ]
21 verbose addNamed [ null, '>=4.11.2-0 <5.0.0-0' ]
22 verbose cache add name="jade" spec="^1.9.2" args=["jade","^1.9.2"]
23 verbose parsed url { protocol: null,
23 verbose parsed url   slashes: null,
23 verbose parsed url   auth: null,
23 verbose parsed url   host: null,
23 verbose parsed url   port: null,
23 verbose parsed url   hostname: null,
23 verbose parsed url   hash: null,
23 verbose parsed url   search: null,
23 verbose parsed url   query: null,
23 verbose parsed url   pathname: '^1.9.2',
23 verbose parsed url   path: '^1.9.2',
23 verbose parsed url   href: '^1.9.2' }
24 verbose addNamed [ 'jade', '^1.9.2' ]
25 verbose addNamed [ null, '>=1.9.2-0 <2.0.0-0' ]
26 verbose cache add name="lodash" spec="^3.1.0" args=["lodash","^3.1.0"]
27 verbose parsed url { protocol: null,
27 verbose parsed url   slashes: null,
27 verbose parsed url   auth: null,
27 verbose parsed url   host: null,
27 verbose parsed url   port: null,
27 verbose parsed url   hostname: null,
27 verbose parsed url   hash: null,
27 verbose parsed url   search: null,
27 verbose parsed url   query: null,
27 verbose parsed url   pathname: '^3.1.0',
27 verbose parsed url   path: '^3.1.0',
27 verbose parsed url   href: '^3.1.0' }
28 verbose addNamed [ 'lodash', '^3.1.0' ]
29 verbose addNamed [ null, '>=3.1.0-0 <4.0.0-0' ]
30 silly lockFile dbea87e7-express-4-11-2 express@^4.11.2
31 verbose lock express@^4.11.2 /Users/adrianchen/.npm/dbea87e7-express-4-11-2.lock
32 silly lockFile 381ca5c2-jade-1-9-2 jade@^1.9.2
33 verbose lock jade@^1.9.2 /Users/adrianchen/.npm/381ca5c2-jade-1-9-2.lock
34 silly lockFile 23b67fb6-lodash-3-1-0 lodash@^3.1.0
35 verbose lock lodash@^3.1.0 /Users/adrianchen/.npm/23b67fb6-lodash-3-1-0.lock
36 silly addNameRange { name: 'jade', range: '>=1.9.2-0 <2.0.0-0', hasData: false }
37 silly addNameRange { name: 'express', range: '>=4.11.2-0 <5.0.0-0', hasData: false }
38 silly addNameRange { name: 'lodash', range: '>=3.1.0-0 <4.0.0-0', hasData: false }
39 verbose request where is /lodash
40 verbose request registry https://registry.npmjs.org/
41 verbose request id 114cbd07d8655eaa
42 verbose url raw /lodash
43 verbose url resolving [ 'https://registry.npmjs.org/', './lodash' ]
44 verbose url resolved https://registry.npmjs.org/lodash
45 verbose request where is https://registry.npmjs.org/lodash
46 info trying registry request attempt 1 at 15:58:56
47 verbose etag "AWJA3WJZXY0AKNPSUZ67O6BZN"
48 http GET https://registry.npmjs.org/lodash
49 verbose request where is /jade
50 verbose request registry https://registry.npmjs.org/
51 verbose url raw /jade
52 verbose url resolving [ 'https://registry.npmjs.org/', './jade' ]
53 verbose url resolved https://registry.npmjs.org/jade
54 verbose request where is https://registry.npmjs.org/jade
55 info trying registry request attempt 1 at 15:58:56
56 verbose etag "MWI73U6988LQ1BV3ATW899CO"
57 http GET https://registry.npmjs.org/jade
58 verbose request where is /express
59 verbose request registry https://registry.npmjs.org/
60 verbose url raw /express
61 verbose url resolving [ 'https://registry.npmjs.org/', './express' ]
62 verbose url resolved https://registry.npmjs.org/express
63 verbose request where is https://registry.npmjs.org/express
64 info trying registry request attempt 1 at 15:58:56
65 verbose etag "1ESE4L3QD6KN44SEHVDNFAX2Z"
66 http GET https://registry.npmjs.org/express
67 http 200 https://registry.npmjs.org/lodash
68 silly registry.get cb [ 200,
68 silly registry.get   { date: 'Mon, 09 Feb 2015 22:58:56 GMT',
68 silly registry.get     server: 'CouchDB/1.5.0 (Erlang OTP/R16B03)',
68 silly registry.get     etag: '"DN71MW534K5EO0ZW1B497SYLS"',
68 silly registry.get     'content-type': 'application/json',
68 silly registry.get     'cache-control': 'max-age=60',
68 silly registry.get     'content-length': '78060',
68 silly registry.get     'accept-ranges': 'bytes',
68 silly registry.get     via: '1.1 varnish',
68 silly registry.get     age: '58',
68 silly registry.get     'x-served-by': 'cache-lax1433-LAX',
68 silly registry.get     'x-cache': 'HIT',
68 silly registry.get     'x-cache-hits': '4',
68 silly registry.get     'x-timer': 'S1423522736.403575,VS0,VE0',
68 silly registry.get     vary: 'Accept',
68 silly registry.get     'keep-alive': 'timeout=10, max=50',
68 silly registry.get     connection: 'Keep-Alive' } ]
69 silly addNameRange number 2 { name: 'lodash', range: '>=3.1.0-0 <4.0.0-0', hasData: true }
70 silly addNameRange versions [ 'lodash',
70 silly addNameRange   [ '0.1.0',
70 silly addNameRange     '0.2.0',
70 silly addNameRange     '0.2.1',
70 silly addNameRange     '0.2.2',
70 silly addNameRange     '0.3.0',
70 silly addNameRange     '0.3.1',
70 silly addNameRange     '0.3.2',
70 silly addNameRange     '0.4.0',
70 silly addNameRange     '0.4.1',
70 silly addNameRange     '0.4.2',
70 silly addNameRange     '0.5.0-rc.1',
70 silly addNameRange     '0.5.0',
70 silly addNameRange     '0.5.1',
70 silly addNameRange     '0.5.2',
70 silly addNameRange     '0.6.0',
70 silly addNameRange     '0.6.1',
70 silly addNameRange     '0.7.0',
70 silly addNameRange     '0.8.0',
70 silly addNameRange     '0.8.1',
70 silly addNameRange     '0.8.2',
70 silly addNameRange     '0.9.0',
70 silly addNameRange     '0.9.1',
70 silly addNameRange     '0.9.2',
70 silly addNameRange     '0.10.0',
70 silly addNameRange     '1.0.0-rc.1',
70 silly addNameRange     '1.0.0-rc.2',
70 silly addNameRange     '1.0.0-rc.3',
70 silly addNameRange     '1.0.0',
70 silly addNameRange     '1.0.1',
70 silly addNameRange     '1.1.0',
70 silly addNameRange     '1.1.1',
70 silly addNameRange     '1.2.0',
70 silly addNameRange     '1.2.1',
70 silly addNameRange     '1.3.0',
70 silly addNameRange     '1.3.1',
70 silly addNameRange     '2.0.0',
70 silly addNameRange     '2.1.0',
70 silly addNameRange     '2.2.0',
70 silly addNameRange     '2.2.1',
70 silly addNameRange     '2.3.0',
70 silly addNameRange     '2.4.0',
70 silly addNameRange     '2.4.1',
70 silly addNameRange     '3.0.0',
70 silly addNameRange     '3.0.1',
70 silly addNameRange     '3.1.0' ] ]
71 verbose addNamed [ 'lodash', '3.1.0' ]
72 verbose addNamed [ '3.1.0', '3.1.0' ]
73 silly lockFile 87b1eb7c-lodash-3-1-0 lodash@3.1.0
74 verbose lock lodash@3.1.0 /Users/adrianchen/.npm/87b1eb7c-lodash-3-1-0.lock
75 silly lockFile 87b1eb7c-lodash-3-1-0 lodash@3.1.0
76 silly lockFile 87b1eb7c-lodash-3-1-0 lodash@3.1.0
77 silly lockFile 23b67fb6-lodash-3-1-0 lodash@^3.1.0
78 silly lockFile 23b67fb6-lodash-3-1-0 lodash@^3.1.0
79 http 200 https://registry.npmjs.org/jade
80 silly registry.get cb [ 200,
80 silly registry.get   { date: 'Mon, 09 Feb 2015 22:58:56 GMT',
80 silly registry.get     server: 'CouchDB/1.6.1 (Erlang OTP/R14B04)',
80 silly registry.get     etag: '"672EEVL8PXFLV53CI5ECEEMRX"',
80 silly registry.get     'content-type': 'application/json',
80 silly registry.get     'cache-control': 'max-age=60',
80 silly registry.get     'content-length': '141835',
80 silly registry.get     'accept-ranges': 'bytes',
80 silly registry.get     via: '1.1 varnish',
80 silly registry.get     age: '8',
80 silly registry.get     'x-served-by': 'cache-lax1430-LAX',
80 silly registry.get     'x-cache': 'HIT',
80 silly registry.get     'x-cache-hits': '1',
80 silly registry.get     'x-timer': 'S1423522736.459130,VS0,VE1',
80 silly registry.get     vary: 'Accept',
80 silly registry.get     'keep-alive': 'timeout=10, max=50',
80 silly registry.get     connection: 'Keep-Alive' } ]
81 silly addNameRange number 2 { name: 'jade', range: '>=1.9.2-0 <2.0.0-0', hasData: true }
82 silly addNameRange versions [ 'jade',
82 silly addNameRange   [ '0.0.1',
82 silly addNameRange     '0.0.2',
82 silly addNameRange     '0.1.0',
82 silly addNameRange     '0.2.0',
82 silly addNameRange     '0.2.1',
82 silly addNameRange     '0.2.2',
82 silly addNameRange     '0.2.3',
82 silly addNameRange     '0.2.4',
82 silly addNameRange     '0.3.0',
82 silly addNameRange     '0.4.0',
82 silly addNameRange     '0.4.1',
82 silly addNameRange     '0.5.0',
82 silly addNameRange     '0.5.1',
82 silly addNameRange     '0.5.2',
82 silly addNameRange     '0.5.3',
82 silly addNameRange     '0.5.4',
82 silly addNameRange     '0.5.5',
82 silly addNameRange     '0.5.6',
82 silly addNameRange     '0.5.7',
82 silly addNameRange     '0.6.0',
82 silly addNameRange     '0.6.1',
82 silly addNameRange     '0.6.3',
82 silly addNameRange     '0.7.0',
82 silly addNameRange     '0.7.1',
82 silly addNameRange     '0.8.0',
82 silly addNameRange     '0.8.1',
82 silly addNameRange     '0.8.2',
82 silly addNameRange     '0.8.3',
82 silly addNameRange     '0.8.4',
82 silly addNameRange     '0.8.5',
82 silly addNameRange     '0.8.6',
82 silly addNameRange     '0.8.7',
82 silly addNameRange     '0.8.8',
82 silly addNameRange     '0.8.9',
82 silly addNameRange     '0.9.0',
82 silly addNameRange     '0.9.1',
82 silly addNameRange     '0.9.2',
82 silly addNameRange     '0.9.3',
82 silly addNameRange     '0.10.0',
82 silly addNameRange     '0.10.1',
82 silly addNameRange     '0.10.2',
82 silly addNameRange     '0.10.3',
82 silly addNameRange     '0.10.4',
82 silly addNameRange     '0.10.5',
82 silly addNameRange     '0.10.6',
82 silly addNameRange     '0.10.7',
82 silly addNameRange     '0.11.0',
82 silly addNameRange     '0.11.1',
82 silly addNameRange     '0.12.0',
82 silly addNameRange     '0.12.1',
82 silly addNameRange     '0.12.2',
82 silly addNameRange     '0.12.3',
82 silly addNameRange     '0.12.4',
82 silly addNameRange     '0.13.0',
82 silly addNameRange     '0.14.0',
82 silly addNameRange     '0.14.1',
82 silly addNameRange     '0.14.2',
82 silly addNameRange     '0.15.0',
82 silly addNameRange     '0.15.1',
82 silly addNameRange     '0.15.2',
82 silly addNameRange     '0.15.3',
82 silly addNameRange     '0.15.4',
82 silly addNameRange     '0.16.0',
82 silly addNameRange     '0.16.1',
82 silly addNameRange     '0.16.2',
82 silly addNameRange     '0.16.3',
82 silly addNameRange     '0.16.4',
82 silly addNameRange     '0.17.0',
82 silly addNameRange     '0.18.0',
82 silly addNameRange     '0.19.0',
82 silly addNameRange     '0.20.0',
82 silly addNameRange     '0.20.1',
82 silly addNameRange     '0.20.2',
82 silly addNameRange     '0.20.3',
82 silly addNameRange     '0.21.0',
82 silly addNameRange     '0.22.0',
82 silly addNameRange     '0.22.1',
82 silly addNameRange     '0.23.0',
82 silly addNameRange     '0.24.0',
82 silly addNameRange     '0.25.0',
82 silly addNameRange     '0.26.0',
82 silly addNameRange     '0.26.1',
82 silly addNameRange     '0.26.2',
82 silly addNameRange     '0.26.3',
82 silly addNameRange     '0.27.0',
82 silly addNameRange     '0.27.1',
82 silly addNameRange     '0.27.2',
82 silly addNameRange     '0.27.3',
82 silly addNameRange     '0.27.4',
82 silly addNameRange     '0.27.5',
82 silly addNameRange     '0.27.6',
82 silly addNameRange     '0.27.7',
82 silly addNameRange     '0.28.0',
82 silly addNameRange     '0.28.1',
82 silly addNameRange     '0.28.2',
82 silly addNameRange     '0.29.0',
82 silly addNameRange     '0.30.0',
82 silly addNameRange     '0.31.0',
82 silly addNameRange     '0.31.1',
82 silly addNameRange     '0.31.2',
82 silly addNameRange     '0.32.0',
82 silly addNameRange     '0.33.0',
82 silly addNameRange     '0.34.0',
82 silly addNameRange     '0.34.1',
82 silly addNameRange     '0.35.0',
82 silly addNameRange     '1.0.0',
82 silly addNameRange     '1.0.1',
82 silly addNameRange     '1.0.2',
82 silly addNameRange     '1.1.0',
82 silly addNameRange     '1.1.1',
82 silly addNameRange     '1.1.2',
82 silly addNameRange     '1.1.3',
82 silly addNameRange     '1.1.4',
82 silly addNameRange     '1.1.5',
82 silly addNameRange     '1.2.0',
82 silly addNameRange     '1.3.0',
82 silly addNameRange     '1.3.1',
82 silly addNameRange     '1.4.0',
82 silly addNameRange     '1.4.1',
82 silly addNameRange     '1.4.2',
82 silly addNameRange     '1.5.0',
82 silly addNameRange     '1.6.0',
82 silly addNameRange     '1.7.0',
82 silly addNameRange     '1.8.0',
82 silly addNameRange     '1.8.1',
82 silly addNameRange     '1.8.2',
82 silly addNameRange     '1.9.0',
82 silly addNameRange     '1.9.1',
82 silly addNameRange     '1.9.2' ] ]
83 verbose addNamed [ 'jade', '1.9.2' ]
84 verbose addNamed [ '1.9.2', '1.9.2' ]
85 silly lockFile 20e0e06b-jade-1-9-2 jade@1.9.2
86 verbose lock jade@1.9.2 /Users/adrianchen/.npm/20e0e06b-jade-1-9-2.lock
87 silly lockFile 481cf773-ry-npmjs-org-jade-jade-1-9-2-tgz https://registry.npmjs.org/jade/-/jade-1.9.2.tgz
88 verbose lock https://registry.npmjs.org/jade/-/jade-1.9.2.tgz /Users/adrianchen/.npm/481cf773-ry-npmjs-org-jade-jade-1-9-2-tgz.lock
89 verbose addRemoteTarball [ 'https://registry.npmjs.org/jade/-/jade-1.9.2.tgz',
89 verbose addRemoteTarball   '0b89f9c60d4ead2738e826ba7b2ccac9a5702abe' ]
90 info retry fetch attempt 1 at 15:58:58
91 verbose fetch to= /var/folders/hw/bcyhr_nd0g5bt_4hc7hby6l80000gn/T/npm-24061-kXHQKoHg/registry.npmjs.org/jade/-/jade-1.9.2.tgz
92 http GET https://registry.npmjs.org/jade/-/jade-1.9.2.tgz
93 http 200 https://registry.npmjs.org/jade/-/jade-1.9.2.tgz
94 http 200 https://registry.npmjs.org/express
95 silly registry.get cb [ 200,
95 silly registry.get   { date: 'Mon, 09 Feb 2015 22:58:56 GMT',
95 silly registry.get     server: 'CouchDB/1.5.0 (Erlang OTP/R16B03)',
95 silly registry.get     etag: '"C1RB4QHIYVTC2PZ9J5TV0RFW9"',
95 silly registry.get     'content-type': 'application/json',
95 silly registry.get     'cache-control': 'max-age=60',
95 silly registry.get     'content-length': '469665',
95 silly registry.get     'accept-ranges': 'bytes',
95 silly registry.get     via: '1.1 varnish',
95 silly registry.get     age: '56',
95 silly registry.get     'x-served-by': 'cache-lax1421-LAX',
95 silly registry.get     'x-cache': 'HIT',
95 silly registry.get     'x-cache-hits': '1',
95 silly registry.get     'x-timer': 'S1423522736.413867,VS0,VE3',
95 silly registry.get     vary: 'Accept',
95 silly registry.get     'keep-alive': 'timeout=10, max=50',
95 silly registry.get     connection: 'Keep-Alive' } ]
96 silly addNameRange number 2 { name: 'express', range: '>=4.11.2-0 <5.0.0-0', hasData: true }
97 silly addNameRange versions [ 'express',
97 silly addNameRange   [ '0.14.0',
97 silly addNameRange     '0.14.1',
97 silly addNameRange     '1.0.0',
97 silly addNameRange     '1.0.1',
97 silly addNameRange     '1.0.2',
97 silly addNameRange     '1.0.3',
97 silly addNameRange     '1.0.4',
97 silly addNameRange     '1.0.5',
97 silly addNameRange     '1.0.6',
97 silly addNameRange     '1.0.7',
97 silly addNameRange     '1.0.8',
97 silly addNameRange     '2.0.0',
97 silly addNameRange     '2.1.0',
97 silly addNameRange     '2.1.1',
97 silly addNameRange     '2.2.0',
97 silly addNameRange     '2.2.1',
97 silly addNameRange     '2.2.2',
97 silly addNameRange     '2.3.0',
97 silly addNameRange     '2.3.1',
97 silly addNameRange     '2.3.2',
97 silly addNameRange     '2.3.3',
97 silly addNameRange     '2.3.4',
97 silly addNameRange     '2.3.5',
97 silly addNameRange     '2.3.6',
97 silly addNameRange     '2.3.7',
97 silly addNameRange     '2.3.8',
97 silly addNameRange     '2.3.9',
97 silly addNameRange     '2.3.10',
97 silly addNameRange     '2.3.11',
97 silly addNameRange     '2.3.12',
97 silly addNameRange     '2.4.0',
97 silly addNameRange     '2.4.1',
97 silly addNameRange     '2.4.2',
97 silly addNameRange     '2.4.3',
97 silly addNameRange     '2.4.4',
97 silly addNameRange     '2.4.5',
97 silly addNameRange     '2.4.6',
97 silly addNameRange     '2.4.7',
97 silly addNameRange     '2.5.0',
97 silly addNameRange     '2.5.1',
97 silly addNameRange     '2.5.2',
97 silly addNameRange     '2.5.3',
97 silly addNameRange     '2.5.4',
97 silly addNameRange     '2.5.5',
97 silly addNameRange     '2.5.6',
97 silly addNameRange     '2.5.7',
97 silly addNameRange     '2.5.8',
97 silly addNameRange     '2.5.9',
97 silly addNameRange     '2.5.10',
97 silly addNameRange     '2.5.11',
97 silly addNameRange     '3.0.0',
97 silly addNameRange     '3.0.1',
97 silly addNameRange     '3.0.2',
97 silly addNameRange     '3.0.3',
97 silly addNameRange     '3.0.4',
97 silly addNameRange     '3.0.5',
97 silly addNameRange     '3.0.6',
97 silly addNameRange     '3.1.0',
97 silly addNameRange     '3.1.1',
97 silly addNameRange     '3.1.2',
97 silly addNameRange     '3.2.0',
97 silly addNameRange     '3.2.1',
97 silly addNameRange     '3.2.2',
97 silly addNameRange     '3.2.3',
97 silly addNameRange     '3.2.4',
97 silly addNameRange     '3.2.5',
97 silly addNameRange     '3.2.6',
97 silly addNameRange     '3.3.0',
97 silly addNameRange     '3.3.1',
97 silly addNameRange     '3.3.2',
97 silly addNameRange     '3.3.3',
97 silly addNameRange     '3.3.4',
97 silly addNameRange     '3.3.5',
97 silly addNameRange     '3.3.6',
97 silly addNameRange     '1.0.0-beta',
97 silly addNameRange     '1.0.0-beta2',
97 silly addNameRange     '1.0.0-rc',
97 silly addNameRange     '1.0.0-rc2',
97 silly addNameRange     '1.0.0-rc3',
97 silly addNameRange     '1.0.0-rc4',
97 silly addNameRange     '2.0.0-beta',
97 silly addNameRange     '2.0.0-beta2',
97 silly addNameRange     '2.0.0-beta3',
97 silly addNameRange     '2.0.0-rc',
97 silly addNameRange     '2.0.0-rc2',
97 silly addNameRange     '2.0.0-rc3',
97 silly addNameRange     '3.0.0-alpha1',
97 silly addNameRange     '3.0.0-alpha2',
97 silly addNameRange     '3.0.0-alpha3',
97 silly addNameRange     '3.0.0-alpha4',
97 silly addNameRange     '3.0.0-alpha5',
97 silly addNameRange     '3.0.0-beta1',
97 silly addNameRange     '3.0.0-beta2',
97 silly addNameRange     '3.0.0-beta3',
97 silly addNameRange     '3.0.0-beta4',
97 silly addNameRange     '3.0.0-beta6',
97 silly addNameRange     '3.0.0-beta7',
97 silly addNameRange     '3.0.0-rc1',
97 silly addNameRange     '3.0.0-rc2',
97 silly addNameRange     '3.0.0-rc3',
97 silly addNameRange     '3.0.0-rc4',
97 silly addNameRange     '3.0.0-rc5',
97 silly addNameRange     '3.3.7',
97 silly addNameRange     '3.3.8',
97 silly addNameRange     '3.4.0',
97 silly addNameRange     '3.4.1',
97 silly addNameRange     '3.4.2',
97 silly addNameRange     '3.4.3',
97 silly addNameRange     '3.4.4',
97 silly addNameRange     '3.4.5',
97 silly addNameRange     '3.4.6',
97 silly addNameRange     '3.4.7',
97 silly addNameRange     '3.4.8',
97 silly addNameRange     '4.0.0-rc1',
97 silly addNameRange     '4.0.0-rc2',
97 silly addNameRange     '3.5.0',
97 silly addNameRange     '4.0.0-rc3',
97 silly addNameRange     '4.0.0-rc4',
97 silly addNameRange     '3.5.1',
97 silly addNameRange     '4.0.0',
97 silly addNameRange     '3.5.2',
97 silly addNameRange     '4.1.0',
97 silly addNameRange     '4.1.1',
97 silly addNameRange     '3.5.3',
97 silly addNameRange     '4.1.2',
97 silly addNameRange     '3.6.0',
97 silly addNameRange     '4.2.0',
97 silly addNameRange     '3.7.0',
97 silly addNameRange     '3.8.0',
97 silly addNameRange     '4.3.0',
97 silly addNameRange     '4.3.1',
97 silly addNameRange     '3.8.1',
97 silly addNameRange     '4.3.2',
97 silly addNameRange     '3.9.0',
97 silly addNameRange     '4.4.0',
97 silly addNameRange     '4.4.1',
97 silly addNameRange     '3.10.0',
97 silly addNameRange     '3.10.1',
97 silly addNameRange     '3.10.2',
97 silly addNameRange     '3.10.3',
97 silly addNameRange     '3.10.4',
97 silly addNameRange     '4.4.2',
97 silly addNameRange     '3.10.5',
97 silly addNameRange     '4.4.3',
97 silly addNameRange     '3.11.0',
97 silly addNameRange     '4.4.4',
97 silly addNameRange     '3.12.0',
97 silly addNameRange     '3.12.1',
97 silly addNameRange     '4.4.5',
97 silly addNameRange     '3.13.0',
97 silly addNameRange     '4.5.0',
97 silly addNameRange     '4.5.1',
97 silly addNameRange     '3.14.0',
97 silly addNameRange     '4.6.0',
97 silly addNameRange     '4.6.1',
97 silly addNameRange     '3.15.0',
97 silly addNameRange     '4.7.0',
97 silly addNameRange     '3.15.1',
97 silly addNameRange     '4.7.1',
97 silly addNameRange     '3.15.2',
97 silly addNameRange     '4.7.2',
97 silly addNameRange     '4.7.3',
97 silly addNameRange     '3.15.3',
97 silly addNameRange     '4.7.4',
97 silly addNameRange     '3.16.0',
97 silly addNameRange     '4.8.0',
97 silly addNameRange     '3.16.1',
97 silly addNameRange     '4.8.1',
97 silly addNameRange     '3.16.2',
97 silly addNameRange     '4.8.2',
97 silly addNameRange     '3.16.3',
97 silly addNameRange     '3.16.4',
97 silly addNameRange     '4.8.3',
97 silly addNameRange     '3.16.5',
97 silly addNameRange     '3.16.6',
97 silly addNameRange     '4.8.4',
97 silly addNameRange     '3.16.7',
97 silly addNameRange     '4.8.5',
97 silly addNameRange     '3.16.8',
97 silly addNameRange     '4.8.6',
97 silly addNameRange     '3.16.9',
97 silly addNameRange     '4.8.7',
97 silly addNameRange     '3.16.10',
97 silly addNameRange     '4.8.8',
97 silly addNameRange     '3.17.0',
97 silly addNameRange     '3.17.1',
97 silly addNameRange     '4.9.0',
97 silly addNameRange     '3.17.2',
97 silly addNameRange     '4.9.1',
97 silly addNameRange     '4.9.2',
97 silly addNameRange     '3.17.3',
97 silly addNameRange     '4.9.3',
97 silly addNameRange     '3.17.4',
97 silly addNameRange     '4.9.4',
97 silly addNameRange     '3.17.5',
97 silly addNameRange     '4.9.5',
97 silly addNameRange     '3.17.6',
97 silly addNameRange     '3.17.7',
97 silly addNameRange     '4.9.6',
97 silly addNameRange     '4.9.7',
97 silly addNameRange     '3.17.8',
97 silly addNameRange     '4.9.8',
97 silly addNameRange     '3.18.0',
97 silly addNameRange     '3.18.1',
97 silly addNameRange     '4.10.0',
97 silly addNameRange     '3.18.2',
97 silly addNameRange     '4.10.1',
97 silly addNameRange     '5.0.0-alpha.1',
97 silly addNameRange     '3.18.3',
97 silly addNameRange     '4.10.2',
97 silly addNameRange     '3.18.4',
97 silly addNameRange     '4.10.3',
97 silly addNameRange     '4.10.4',
97 silly addNameRange     '4.10.5',
97 silly addNameRange     '3.18.5',
97 silly addNameRange     '3.18.6',
97 silly addNameRange     '4.10.6',
97 silly addNameRange     '4.10.7',
97 silly addNameRange     '3.19.0',
97 silly addNameRange     '4.10.8',
97 silly addNameRange     '4.11.0',
97 silly addNameRange     '3.19.1',
97 silly addNameRange     '4.11.1',
97 silly addNameRange     '3.19.2',
97 silly addNameRange     '4.11.2' ] ]
98 verbose addNamed [ 'express', '4.11.2' ]
99 verbose addNamed [ '4.11.2', '4.11.2' ]
100 silly lockFile 69e74cc8-express-4-11-2 express@4.11.2
101 verbose lock express@4.11.2 /Users/adrianchen/.npm/69e74cc8-express-4-11-2.lock
102 silly lockFile 69e74cc8-express-4-11-2 express@4.11.2
103 silly lockFile 69e74cc8-express-4-11-2 express@4.11.2
104 silly lockFile dbea87e7-express-4-11-2 express@^4.11.2
105 silly lockFile dbea87e7-express-4-11-2 express@^4.11.2
106 silly lockFile 481cf773-ry-npmjs-org-jade-jade-1-9-2-tgz https://registry.npmjs.org/jade/-/jade-1.9.2.tgz
107 silly lockFile 481cf773-ry-npmjs-org-jade-jade-1-9-2-tgz https://registry.npmjs.org/jade/-/jade-1.9.2.tgz
108 silly lockFile 20e0e06b-jade-1-9-2 jade@1.9.2
109 silly lockFile 20e0e06b-jade-1-9-2 jade@1.9.2
110 silly lockFile 381ca5c2-jade-1-9-2 jade@^1.9.2
111 silly lockFile 381ca5c2-jade-1-9-2 jade@^1.9.2
112 error Error: EACCES, mkdir '/Users/adrianchen/.npm/jade/1.9.2'
112 error  { [Error: EACCES, mkdir '/Users/adrianchen/.npm/jade/1.9.2']
112 error   errno: 3,
112 error   code: 'EACCES',
112 error   path: '/Users/adrianchen/.npm/jade/1.9.2',
112 error   parent: 'nn-express' }
113 error Please try running this command again as root/Administrator.
114 error System Darwin 14.1.0
115 error command "node" "/usr/local/bin/npm" "install"
116 error cwd /Users/adrianchen/Code/User_O_Design/nn-express
117 error node -v v0.10.35
118 error npm -v 1.4.28
119 error path /Users/adrianchen/.npm/jade/1.9.2
120 error code EACCES
121 error errno 3
122 error stack Error: EACCES, mkdir '/Users/adrianchen/.npm/jade/1.9.2'
123 verbose exit [ 3, true ]
